mode: set
github.com/jhwbarlow/tcp-audit/pkg/sink/loader.go:18.80,20.2 1 0
github.com/jhwbarlow/tcp-audit/pkg/sink/loader.go:22.54,24.16 2 0
github.com/jhwbarlow/tcp-audit/pkg/sink/loader.go:28.2,28.51 1 0
github.com/jhwbarlow/tcp-audit/pkg/sink/loader.go:32.2,33.22 2 0
github.com/jhwbarlow/tcp-audit/pkg/sink/loader.go:24.16,26.3 1 0
github.com/jhwbarlow/tcp-audit/pkg/sink/loader.go:28.51,30.3 1 0
github.com/jhwbarlow/tcp-audit/pkg/event/event.go:29.33,39.2 1 0
github.com/jhwbarlow/tcp-audit/pkg/event/event.go:41.42,51.2 1 0
github.com/jhwbarlow/tcp-audit/pkg/event/loader.go:18.82,20.2 1 0
github.com/jhwbarlow/tcp-audit/pkg/event/loader.go:22.56,24.16 2 0
github.com/jhwbarlow/tcp-audit/pkg/event/loader.go:28.2,28.52 1 0
github.com/jhwbarlow/tcp-audit/pkg/event/loader.go:32.2,33.22 2 0
github.com/jhwbarlow/tcp-audit/pkg/event/loader.go:24.16,26.3 1 0
github.com/jhwbarlow/tcp-audit/pkg/event/loader.go:28.52,30.3 1 0
github.com/jhwbarlow/tcp-audit/cmd/runner.go:21.25,28.2 1 1
github.com/jhwbarlow/tcp-audit/cmd/runner.go:30.30,38.6 5 1
github.com/jhwbarlow/tcp-audit/cmd/runner.go:85.2,85.12 1 1
github.com/jhwbarlow/tcp-audit/cmd/runner.go:38.6,39.10 1 1
github.com/jhwbarlow/tcp-audit/cmd/runner.go:71.3,71.13 1 1
github.com/jhwbarlow/tcp-audit/cmd/runner.go:81.3,81.15 1 1
github.com/jhwbarlow/tcp-audit/cmd/runner.go:40.17,43.14 1 0
github.com/jhwbarlow/tcp-audit/cmd/runner.go:44.11,45.11 1 1
github.com/jhwbarlow/tcp-audit/cmd/runner.go:46.18,52.15 1 1
github.com/jhwbarlow/tcp-audit/cmd/runner.go:53.30,55.48 2 1
github.com/jhwbarlow/tcp-audit/cmd/runner.go:61.26,62.19 1 1
github.com/jhwbarlow/tcp-audit/cmd/runner.go:55.48,60.6 4 1
github.com/jhwbarlow/tcp-audit/cmd/runner.go:62.19,67.6 4 1
github.com/jhwbarlow/tcp-audit/cmd/runner.go:71.13,72.31 1 1
github.com/jhwbarlow/tcp-audit/cmd/runner.go:77.4,78.12 2 1
github.com/jhwbarlow/tcp-audit/cmd/runner.go:72.31,75.5 2 1
github.com/jhwbarlow/tcp-audit/cmd/runner.go:88.71,92.45 3 1
github.com/jhwbarlow/tcp-audit/cmd/runner.go:104.2,104.27 1 1
github.com/jhwbarlow/tcp-audit/cmd/runner.go:92.45,93.7 1 1
github.com/jhwbarlow/tcp-audit/cmd/runner.go:93.7,95.18 2 1
github.com/jhwbarlow/tcp-audit/cmd/runner.go:100.4,100.22 1 1
github.com/jhwbarlow/tcp-audit/cmd/runner.go:95.18,97.13 2 1
github.com/jhwbarlow/tcp-audit/cmd/cleaner.go:18.62,19.60 1 0
github.com/jhwbarlow/tcp-audit/cmd/cleaner.go:19.60,20.57 1 0
github.com/jhwbarlow/tcp-audit/cmd/cleaner.go:20.57,22.4 1 0
github.com/jhwbarlow/tcp-audit/cmd/cleaner.go:26.58,27.56 1 0
github.com/jhwbarlow/tcp-audit/cmd/cleaner.go:27.56,28.56 1 0
github.com/jhwbarlow/tcp-audit/cmd/cleaner.go:28.56,30.4 1 0
github.com/jhwbarlow/tcp-audit/cmd/cleaner.go:34.81,37.2 2 0
github.com/jhwbarlow/tcp-audit/cmd/initialiser.go:16.47,21.2 1 0
github.com/jhwbarlow/tcp-audit/cmd/initialiser.go:23.72,25.16 2 0
github.com/jhwbarlow/tcp-audit/cmd/initialiser.go:29.2,30.16 2 0
github.com/jhwbarlow/tcp-audit/cmd/initialiser.go:34.2,34.29 1 0
github.com/jhwbarlow/tcp-audit/cmd/initialiser.go:25.16,27.3 1 0
github.com/jhwbarlow/tcp-audit/cmd/initialiser.go:30.16,32.3 1 0
github.com/jhwbarlow/tcp-audit/cmd/main.go:29.13,31.37 2 0
github.com/jhwbarlow/tcp-audit/cmd/main.go:35.2,39.16 4 0
github.com/jhwbarlow/tcp-audit/cmd/main.go:43.2,44.16 2 0
github.com/jhwbarlow/tcp-audit/cmd/main.go:50.2,50.74 1 0
github.com/jhwbarlow/tcp-audit/cmd/main.go:58.2,60.22 3 0
github.com/jhwbarlow/tcp-audit/cmd/main.go:31.37,33.3 1 0
github.com/jhwbarlow/tcp-audit/cmd/main.go:39.16,41.3 1 0
github.com/jhwbarlow/tcp-audit/cmd/main.go:44.16,48.3 3 0
github.com/jhwbarlow/tcp-audit/cmd/main.go:50.74,54.3 3 0
github.com/jhwbarlow/tcp-audit/cmd/main.go:63.25,64.23 1 0
github.com/jhwbarlow/tcp-audit/cmd/main.go:68.2,68.24 1 0
github.com/jhwbarlow/tcp-audit/cmd/main.go:72.2,72.12 1 0
github.com/jhwbarlow/tcp-audit/cmd/main.go:64.23,66.3 1 0
github.com/jhwbarlow/tcp-audit/cmd/main.go:68.24,70.3 1 0
github.com/jhwbarlow/tcp-audit/cmd/main.go:75.51,79.2 3 0
github.com/jhwbarlow/tcp-audit/cmd/main.go:81.54,85.2 3 0
github.com/jhwbarlow/tcp-audit/cmd/main.go:87.65,95.35 5 0
github.com/jhwbarlow/tcp-audit/cmd/main.go:100.2,100.28 1 0
github.com/jhwbarlow/tcp-audit/cmd/main.go:95.35,98.3 2 0
github.com/jhwbarlow/tcp-audit/cmd/main.go:103.37,105.47 2 0
github.com/jhwbarlow/tcp-audit/cmd/main.go:109.2,109.19 1 0
github.com/jhwbarlow/tcp-audit/cmd/main.go:105.47,107.3 1 0
