mode: set
github.com/jhwbarlow/tcp-audit/pkg/signalhandler/signalhandler.go:17.44,19.2 1 1
github.com/jhwbarlow/tcp-audit/pkg/signalhandler/signalhandler.go:24.107,32.35 5 1
github.com/jhwbarlow/tcp-audit/pkg/signalhandler/signalhandler.go:37.2,37.31 1 1
github.com/jhwbarlow/tcp-audit/pkg/signalhandler/signalhandler.go:32.35,35.3 2 1
github.com/jhwbarlow/tcp-audit/pkg/sink/loader.go:20.80,22.2 1 1
github.com/jhwbarlow/tcp-audit/pkg/sink/loader.go:24.54,26.16 2 1
github.com/jhwbarlow/tcp-audit/pkg/sink/loader.go:30.2,30.51 1 1
github.com/jhwbarlow/tcp-audit/pkg/sink/loader.go:34.2,35.22 2 1
github.com/jhwbarlow/tcp-audit/pkg/sink/loader.go:26.16,28.3 1 1
github.com/jhwbarlow/tcp-audit/pkg/sink/loader.go:30.51,32.3 1 1
github.com/jhwbarlow/tcp-audit/pkg/event/loader.go:20.82,22.2 1 1
github.com/jhwbarlow/tcp-audit/pkg/event/loader.go:24.56,26.16 2 1
github.com/jhwbarlow/tcp-audit/pkg/event/loader.go:30.2,30.52 1 1
github.com/jhwbarlow/tcp-audit/pkg/event/loader.go:34.2,35.22 2 1
github.com/jhwbarlow/tcp-audit/pkg/event/loader.go:26.16,28.3 1 1
github.com/jhwbarlow/tcp-audit/pkg/event/loader.go:30.52,32.3 1 1
github.com/jhwbarlow/tcp-audit/pkg/event/event.go:33.33,43.2 1 0
github.com/jhwbarlow/tcp-audit/pkg/event/event.go:45.42,55.2 1 0
github.com/jhwbarlow/tcp-audit/cmd/cleaner.go:25.66,27.2 1 1
github.com/jhwbarlow/tcp-audit/cmd/cleaner.go:29.62,31.2 1 1
github.com/jhwbarlow/tcp-audit/cmd/cleaner.go:33.44,34.63 1 1
github.com/jhwbarlow/tcp-audit/cmd/cleaner.go:34.63,35.57 1 1
github.com/jhwbarlow/tcp-audit/cmd/cleaner.go:35.57,37.4 1 0
github.com/jhwbarlow/tcp-audit/cmd/cleaner.go:41.43,42.59 1 1
github.com/jhwbarlow/tcp-audit/cmd/cleaner.go:42.59,43.56 1 1
github.com/jhwbarlow/tcp-audit/cmd/cleaner.go:43.56,45.4 1 0
github.com/jhwbarlow/tcp-audit/cmd/cleaner.go:49.40,52.2 2 1
github.com/jhwbarlow/tcp-audit/cmd/exiter.go:15.34,17.2 1 0
github.com/jhwbarlow/tcp-audit/cmd/exiter.go:22.51,24.47 2 0
github.com/jhwbarlow/tcp-audit/cmd/exiter.go:28.2,28.19 1 0
github.com/jhwbarlow/tcp-audit/cmd/exiter.go:24.47,26.3 1 0
github.com/jhwbarlow/tcp-audit/cmd/main.go:29.13,33.37 3 0
github.com/jhwbarlow/tcp-audit/cmd/main.go:38.2,42.16 5 0
github.com/jhwbarlow/tcp-audit/cmd/main.go:46.2,49.48 3 0
github.com/jhwbarlow/tcp-audit/cmd/main.go:33.37,36.3 2 0
github.com/jhwbarlow/tcp-audit/cmd/main.go:42.16,45.3 2 0
github.com/jhwbarlow/tcp-audit/cmd/main.go:52.25,53.23 1 1
github.com/jhwbarlow/tcp-audit/cmd/main.go:57.2,57.24 1 1
github.com/jhwbarlow/tcp-audit/cmd/main.go:61.2,61.12 1 0
github.com/jhwbarlow/tcp-audit/cmd/main.go:53.23,55.3 1 1
github.com/jhwbarlow/tcp-audit/cmd/main.go:57.24,59.3 1 1
github.com/jhwbarlow/tcp-audit/cmd/main.go:66.55,68.16 2 1
github.com/jhwbarlow/tcp-audit/cmd/main.go:71.2,74.16 3 1
github.com/jhwbarlow/tcp-audit/cmd/main.go:78.2,80.29 2 1
github.com/jhwbarlow/tcp-audit/cmd/main.go:68.16,70.3 1 1
github.com/jhwbarlow/tcp-audit/cmd/main.go:74.16,77.3 2 1
github.com/jhwbarlow/tcp-audit/cmd/main.go:83.92,86.16 3 1
github.com/jhwbarlow/tcp-audit/cmd/main.go:90.2,90.21 1 1
github.com/jhwbarlow/tcp-audit/cmd/main.go:86.16,88.3 1 1
github.com/jhwbarlow/tcp-audit/cmd/main.go:93.88,96.16 3 1
github.com/jhwbarlow/tcp-audit/cmd/main.go:100.2,100.20 1 1
github.com/jhwbarlow/tcp-audit/cmd/main.go:96.16,98.3 1 1
github.com/jhwbarlow/tcp-audit/cmd/main.go:103.78,105.2 1 1
github.com/jhwbarlow/tcp-audit/cmd/main.go:107.81,109.2 1 1
github.com/jhwbarlow/tcp-audit/cmd/main.go:111.76,113.2 1 1
github.com/jhwbarlow/tcp-audit/cmd/main.go:115.70,117.2 1 1
github.com/jhwbarlow/tcp-audit/cmd/main.go:119.111,123.40 3 1
github.com/jhwbarlow/tcp-audit/cmd/main.go:132.2,134.29 3 1
github.com/jhwbarlow/tcp-audit/cmd/main.go:123.40,128.3 4 1
github.com/jhwbarlow/tcp-audit/cmd/processor.go:30.121,36.2 1 1
github.com/jhwbarlow/tcp-audit/cmd/processor.go:40.75,42.2 1 1
github.com/jhwbarlow/tcp-audit/cmd/processor.go:46.45,56.6 7 1
github.com/jhwbarlow/tcp-audit/cmd/processor.go:106.2,106.12 1 1
github.com/jhwbarlow/tcp-audit/cmd/processor.go:56.6,57.10 1 1
github.com/jhwbarlow/tcp-audit/cmd/processor.go:92.3,92.13 1 1
github.com/jhwbarlow/tcp-audit/cmd/processor.go:102.3,102.15 1 1
github.com/jhwbarlow/tcp-audit/cmd/processor.go:58.18,64.14 1 0
github.com/jhwbarlow/tcp-audit/cmd/processor.go:65.11,66.11 1 1
github.com/jhwbarlow/tcp-audit/cmd/processor.go:67.19,73.15 1 1
github.com/jhwbarlow/tcp-audit/cmd/processor.go:74.30,76.49 2 1
github.com/jhwbarlow/tcp-audit/cmd/processor.go:82.26,83.19 1 1
github.com/jhwbarlow/tcp-audit/cmd/processor.go:76.49,81.6 4 1
github.com/jhwbarlow/tcp-audit/cmd/processor.go:83.19,88.6 4 1
github.com/jhwbarlow/tcp-audit/cmd/processor.go:92.13,93.43 1 1
github.com/jhwbarlow/tcp-audit/cmd/processor.go:98.4,99.12 2 1
github.com/jhwbarlow/tcp-audit/cmd/processor.go:93.43,96.5 2 1
github.com/jhwbarlow/tcp-audit/cmd/processor.go:111.106,115.45 3 1
github.com/jhwbarlow/tcp-audit/cmd/processor.go:144.2,144.27 1 1
github.com/jhwbarlow/tcp-audit/cmd/processor.go:115.45,117.7 1 1
github.com/jhwbarlow/tcp-audit/cmd/processor.go:140.3,141.17 2 0
github.com/jhwbarlow/tcp-audit/cmd/processor.go:117.7,118.11 1 1
github.com/jhwbarlow/tcp-audit/cmd/processor.go:124.4,126.11 2 1
github.com/jhwbarlow/tcp-audit/cmd/processor.go:132.4,132.18 1 1
github.com/jhwbarlow/tcp-audit/cmd/processor.go:137.4,137.22 1 1
github.com/jhwbarlow/tcp-audit/cmd/processor.go:119.16,120.15 1 0
github.com/jhwbarlow/tcp-audit/cmd/processor.go:121.12,121.12 0 1
github.com/jhwbarlow/tcp-audit/cmd/processor.go:127.16,128.15 1 0
github.com/jhwbarlow/tcp-audit/cmd/processor.go:129.12,129.12 0 1
github.com/jhwbarlow/tcp-audit/cmd/processor.go:132.18,134.13 2 1
